<?xml version="1.0" encoding="UTF-8"?>
<testsuite xmlns:xsi="http://www.w3.org/2001/XMLSchema-instance" xsi:noNamespaceSchemaLocation="https://maven.apache.org/surefire/maven-surefire-plugin/xsd/surefire-test-report-3.0.xsd" version="3.0" name="TestSuite" time="21.512" tests="2" errors="0" skipped="0" failures="0">
  <properties>
[...]
</properties>
  <testcase name="runScenario[&quot;basic launch&quot;, &quot;Optional[Testing a basic cucumber feature with framework]&quot;](1)" classname="sample.bdd.Runner" time="12.035">
    <system-out><![CDATA[TestNG - BeforeSuite
From On Start
TestNG - BeforeTest
TestNG - BeforeClass
TestNG - BeforeMethod
From onTestStart
From cucumber before
From cucumber beforestep
From cucumber Afterstep
From cucumber beforestep
From cucumber Afterstep
From cucumber beforestep
From cucumber Afterstep
From cucumber beforestep
From cucumber Afterstep
From cucumber beforestep
From cucumber Afterstep
From cucumber beforestep
From cucumber Afterstep
From cucumber beforestep
From cucumber Afterstep
From cucumber After
From onTestSuccess
]]></system-out>
    <system-err><![CDATA[Starting ChromeDriver 90.0.4430.24 (4c6d850f087da467d926e8eddb76550aed655991-refs/branch-heads/4430@{#429}) on port 26205
Only local connections are allowed.
Please see https://chromedriver.chromium.org/security-considerations for suggestions on keeping ChromeDriver safe.
ChromeDriver was started successfully.
May 12, 2021 10:45:08 PM org.openqa.selenium.remote.ProtocolHandshake createSession
INFO: Detected dialect: W3C
]]></system-err>
  </testcase>
  <testcase name="runScenario[&quot;basic mid launch&quot;, &quot;Optional[Testing a basic cucumber feature with framework]&quot;](2)" classname="sample.bdd.Runner" time="8.768">
    <system-out><![CDATA[TestNG - AfterMethod
TestNG - BeforeMethod
From onTestStart
From cucumber before
From cucumber beforestep
From cucumber Afterstep
From cucumber beforestep
From cucumber Afterstep
From cucumber beforestep
From cucumber Afterstep
From cucumber beforestep
From cucumber Afterstep
From cucumber beforestep
From cucumber Afterstep
From cucumber beforestep
From cucumber Afterstep
From cucumber beforestep
From cucumber Afterstep
From cucumber After
From onTestSuccess
]]></system-out>
    <system-err><![CDATA[Starting ChromeDriver 90.0.4430.24 (4c6d850f087da467d926e8eddb76550aed655991-refs/branch-heads/4430@{#429}) on port 43757
Only local connections are allowed.
Please see https://chromedriver.chromium.org/security-considerations for suggestions on keeping ChromeDriver safe.
ChromeDriver was started successfully.
May 12, 2021 10:45:20 PM org.openqa.selenium.remote.ProtocolHandshake createSession
INFO: Detected dialect: W3C
]]></system-err>
  </testcase>
</testsuite>