<?xml version="1.0" encoding="UTF-8"?>
<!-- Generated by org.testng.reporters.JUnitXMLReporter -->
<testsuite ignored="0" hostname="DESKTOP-S399T5F" failures="0" tests="2" name="Test Basics 1" time="20.978" errors="0" timestamp="2021-05-12T22:45:28 IST">
  <testcase classname="io.cucumber.testng.AbstractTestNGCucumberTests" name="runScenario" time="11.977"/>
  <testcase classname="io.cucumber.testng.AbstractTestNGCucumberTests" name="runScenario" time="8.769"/>
</testsuite> <!-- Test Basics 1 -->
